{"/home/cd/git_projects/nifti-viewer-ts/src/nv3d-node.ts": {"path":"/home/cd/git_projects/nifti-viewer-ts/src/nv3d-node.ts","statementMap":{"0":{"start":{"line":15,"column":4},"end":{"line":15,"column":38}},"1":{"start":{"line":16,"column":4},"end":{"line":16,"column":22}},"2":{"start":{"line":17,"column":4},"end":{"line":17,"column":36}},"3":{"start":{"line":18,"column":4},"end":{"line":18,"column":34}},"4":{"start":{"line":19,"column":4},"end":{"line":19,"column":36}},"5":{"start":{"line":20,"column":4},"end":{"line":20,"column":60}},"6":{"start":{"line":24,"column":4},"end":{"line":24,"column":30}}},"fnMap":{"0":{"name":"(anonymous_0)","decl":{"start":{"line":8,"column":2},"end":{"line":8,"column":3}},"loc":{"start":{"line":14,"column":4},"end":{"line":21,"column":3}},"line":14},"1":{"name":"(anonymous_1)","decl":{"start":{"line":23,"column":2},"end":{"line":23,"column":3}},"loc":{"start":{"line":23,"column":28},"end":{"line":25,"column":3}},"line":23}},"branchMap":{},"s":{"0":0,"1":0,"2":0,"3":0,"4":0,"5":0,"6":0},"f":{"0":0,"1":0},"b":{},"_coverageSchema":"1a1c01bbd47fc00a2c39e90264f33305004495a9","hash":"bda3367bd6d83c07c2fee93399ad19a9c8b3be1c"}
,"/home/cd/git_projects/nifti-viewer-ts/src/ResourceLoader/nvvoxel-loader.ts": {"path":"/home/cd/git_projects/nifti-viewer-ts/src/ResourceLoader/nvvoxel-loader.ts","statementMap":{"0":{"start":{"line":138,"column":8},"end":{"line":138,"column":10}},"1":{"start":{"line":139,"column":15},"end":{"line":139,"column":17}},"2":{"start":{"line":140,"column":9},"end":{"line":140,"column":11}},"3":{"start":{"line":141,"column":13},"end":{"line":141,"column":19}},"4":{"start":{"line":142,"column":12},"end":{"line":142,"column":15}},"5":{"start":{"line":143,"column":11},"end":{"line":143,"column":14}},"6":{"start":{"line":144,"column":11},"end":{"line":144,"column":14}},"7":{"start":{"line":145,"column":21},"end":{"line":145,"column":25}},"8":{"start":{"line":146,"column":19},"end":{"line":146,"column":23}},"9":{"start":{"line":147,"column":12},"end":{"line":147,"column":16}},"10":{"start":{"line":148,"column":21},"end":{"line":148,"column":26}},"11":{"start":{"line":149,"column":23},"end":{"line":149,"column":28}},"12":{"start":{"line":150,"column":21},"end":{"line":150,"column":23}},"13":{"start":{"line":151,"column":14},"end":{"line":151,"column":17}},"14":{"start":{"line":152,"column":14},"end":{"line":152,"column":17}},"15":{"start":{"line":153,"column":20},"end":{"line":153,"column":24}},"16":{"start":{"line":154,"column":21},"end":{"line":154,"column":26}},"17":{"start":{"line":155,"column":15},"end":{"line":155,"column":17}},"18":{"start":{"line":156,"column":15},"end":{"line":156,"column":24}},"19":{"start":{"line":157,"column":13},"end":{"line":157,"column":40}},"20":{"start":{"line":158,"column":14},"end":{"line":158,"column":34}},"21":{"start":{"line":161,"column":4},"end":{"line":161,"column":33}},"22":{"start":{"line":179,"column":44},"end":{"line":179,"column":48}},"23":{"start":{"line":180,"column":29},"end":{"line":180,"column":33}},"24":{"start":{"line":181,"column":24},"end":{"line":181,"column":28}},"25":{"start":{"line":196,"column":4},"end":{"line":196,"column":34}},"26":{"start":{"line":199,"column":4},"end":{"line":199,"column":23}},"27":{"start":{"line":202,"column":4},"end":{"line":202,"column":21}},"28":{"start":{"line":203,"column":4},"end":{"line":203,"column":35}},"29":{"start":{"line":207,"column":4},"end":{"line":207,"column":29}},"30":{"start":{"line":210,"column":4},"end":{"line":210,"column":30}},"31":{"start":{"line":214,"column":4},"end":{"line":214,"column":33}},"32":{"start":{"line":217,"column":4},"end":{"line":217,"column":34}},"33":{"start":{"line":218,"column":4},"end":{"line":220,"column":5}},"34":{"start":{"line":219,"column":6},"end":{"line":219,"column":35}},"35":{"start":{"line":224,"column":4},"end":{"line":224,"column":32}},"36":{"start":{"line":227,"column":4},"end":{"line":227,"column":33}},"37":{"start":{"line":228,"column":4},"end":{"line":230,"column":5}},"38":{"start":{"line":229,"column":6},"end":{"line":229,"column":34}},"39":{"start":{"line":234,"column":4},"end":{"line":234,"column":39}},"40":{"start":{"line":237,"column":4},"end":{"line":237,"column":40}},"41":{"start":{"line":241,"column":4},"end":{"line":241,"column":41}},"42":{"start":{"line":244,"column":4},"end":{"line":244,"column":42}},"43":{"start":{"line":248,"column":4},"end":{"line":248,"column":32}},"44":{"start":{"line":251,"column":4},"end":{"line":251,"column":33}},"45":{"start":{"line":255,"column":4},"end":{"line":255,"column":41}},"46":{"start":{"line":258,"column":4},"end":{"line":258,"column":42}},"47":{"start":{"line":262,"column":4},"end":{"line":262,"column":43}},"48":{"start":{"line":265,"column":4},"end":{"line":265,"column":44}},"49":{"start":{"line":269,"column":4},"end":{"line":269,"column":41}},"50":{"start":{"line":272,"column":4},"end":{"line":272,"column":42}},"51":{"start":{"line":276,"column":4},"end":{"line":276,"column":34}},"52":{"start":{"line":279,"column":4},"end":{"line":279,"column":35}},"53":{"start":{"line":283,"column":4},"end":{"line":283,"column":40}},"54":{"start":{"line":286,"column":4},"end":{"line":286,"column":41}},"55":{"start":{"line":290,"column":4},"end":{"line":290,"column":33}},"56":{"start":{"line":293,"column":4},"end":{"line":293,"column":34}},"57":{"start":{"line":297,"column":4},"end":{"line":297,"column":34}},"58":{"start":{"line":300,"column":4},"end":{"line":300,"column":35}},"59":{"start":{"line":310,"column":18},"end":{"line":310,"column":33}},"60":{"start":{"line":311,"column":4},"end":{"line":311,"column":33}},"61":{"start":{"line":312,"column":16},"end":{"line":312,"column":58}},"62":{"start":{"line":313,"column":4},"end":{"line":313,"column":40}},"63":{"start":{"line":314,"column":17},"end":{"line":314,"column":56}},"64":{"start":{"line":315,"column":4},"end":{"line":315,"column":16}},"65":{"start":{"line":321,"column":4},"end":{"line":323,"column":5}},"66":{"start":{"line":322,"column":6},"end":{"line":322,"column":18}},"67":{"start":{"line":329,"column":14},"end":{"line":329,"column":18}},"68":{"start":{"line":330,"column":14},"end":{"line":330,"column":18}},"69":{"start":{"line":331,"column":14},"end":{"line":331,"column":18}},"70":{"start":{"line":332,"column":14},"end":{"line":332,"column":39}},"71":{"start":{"line":333,"column":14},"end":{"line":333,"column":39}},"72":{"start":{"line":334,"column":14},"end":{"line":334,"column":39}},"73":{"start":{"line":336,"column":16},"end":{"line":336,"column":51}},"74":{"start":{"line":337,"column":16},"end":{"line":337,"column":51}},"75":{"start":{"line":338,"column":16},"end":{"line":338,"column":51}},"76":{"start":{"line":339,"column":16},"end":{"line":339,"column":51}},"77":{"start":{"line":340,"column":16},"end":{"line":340,"column":51}},"78":{"start":{"line":341,"column":16},"end":{"line":341,"column":51}},"79":{"start":{"line":342,"column":16},"end":{"line":342,"column":51}},"80":{"start":{"line":343,"column":16},"end":{"line":343,"column":51}},"81":{"start":{"line":344,"column":19},"end":{"line":365,"column":5}},"82":{"start":{"line":367,"column":24},"end":{"line":367,"column":41}},"83":{"start":{"line":368,"column":4},"end":{"line":368,"column":56}},"84":{"start":{"line":374,"column":20},"end":{"line":412,"column":5}},"85":{"start":{"line":415,"column":4},"end":{"line":419,"column":6}},"86":{"start":{"line":421,"column":25},"end":{"line":421,"column":42}},"87":{"start":{"line":422,"column":4},"end":{"line":422,"column":49}},"88":{"start":{"line":423,"column":4},"end":{"line":423,"column":77}},"89":{"start":{"line":425,"column":16},"end":{"line":425,"column":38}},"90":{"start":{"line":426,"column":4},"end":{"line":426,"column":28}},"91":{"start":{"line":427,"column":4},"end":{"line":427,"column":56}},"92":{"start":{"line":428,"column":4},"end":{"line":428,"column":49}},"93":{"start":{"line":430,"column":4},"end":{"line":430,"column":34}},"94":{"start":{"line":431,"column":4},"end":{"line":431,"column":57}},"95":{"start":{"line":433,"column":4},"end":{"line":433,"column":34}},"96":{"start":{"line":434,"column":4},"end":{"line":434,"column":58}},"97":{"start":{"line":435,"column":4},"end":{"line":435,"column":29}},"98":{"start":{"line":437,"column":4},"end":{"line":446,"column":5}},"99":{"start":{"line":438,"column":19},"end":{"line":444,"column":7}},"100":{"start":{"line":445,"column":6},"end":{"line":445,"column":18}},"101":{"start":{"line":447,"column":4},"end":{"line":447,"column":16}}},"fnMap":{"0":{"name":"(anonymous_0)","decl":{"start":{"line":160,"column":2},"end":{"line":160,"column":3}},"loc":{"start":{"line":160,"column":49},"end":{"line":162,"column":3}},"line":160},"1":{"name":"(anonymous_1)","decl":{"start":{"line":194,"column":2},"end":{"line":194,"column":3}},"loc":{"start":{"line":194,"column":42},"end":{"line":204,"column":3}},"line":194},"2":{"name":"(anonymous_2)","decl":{"start":{"line":206,"column":2},"end":{"line":206,"column":3}},"loc":{"start":{"line":206,"column":13},"end":{"line":208,"column":3}},"line":206},"3":{"name":"(anonymous_3)","decl":{"start":{"line":209,"column":2},"end":{"line":209,"column":3}},"loc":{"start":{"line":209,"column":26},"end":{"line":211,"column":3}},"line":209},"4":{"name":"(anonymous_4)","decl":{"start":{"line":213,"column":2},"end":{"line":213,"column":3}},"loc":{"start":{"line":213,"column":17},"end":{"line":215,"column":3}},"line":213},"5":{"name":"(anonymous_5)","decl":{"start":{"line":216,"column":2},"end":{"line":216,"column":3}},"loc":{"start":{"line":216,"column":22},"end":{"line":221,"column":3}},"line":216},"6":{"name":"(anonymous_6)","decl":{"start":{"line":223,"column":2},"end":{"line":223,"column":3}},"loc":{"start":{"line":223,"column":16},"end":{"line":225,"column":3}},"line":223},"7":{"name":"(anonymous_7)","decl":{"start":{"line":226,"column":2},"end":{"line":226,"column":3}},"loc":{"start":{"line":226,"column":29},"end":{"line":231,"column":3}},"line":226},"8":{"name":"(anonymous_8)","decl":{"start":{"line":233,"column":2},"end":{"line":233,"column":3}},"loc":{"start":{"line":233,"column":23},"end":{"line":235,"column":3}},"line":233},"9":{"name":"(anonymous_9)","decl":{"start":{"line":236,"column":2},"end":{"line":236,"column":3}},"loc":{"start":{"line":236,"column":28},"end":{"line":238,"column":3}},"line":236},"10":{"name":"(anonymous_10)","decl":{"start":{"line":240,"column":2},"end":{"line":240,"column":3}},"loc":{"start":{"line":240,"column":25},"end":{"line":242,"column":3}},"line":240},"11":{"name":"(anonymous_11)","decl":{"start":{"line":243,"column":2},"end":{"line":243,"column":3}},"loc":{"start":{"line":243,"column":30},"end":{"line":245,"column":3}},"line":243},"12":{"name":"(anonymous_12)","decl":{"start":{"line":247,"column":2},"end":{"line":247,"column":3}},"loc":{"start":{"line":247,"column":16},"end":{"line":249,"column":3}},"line":247},"13":{"name":"(anonymous_13)","decl":{"start":{"line":250,"column":2},"end":{"line":250,"column":3}},"loc":{"start":{"line":250,"column":21},"end":{"line":252,"column":3}},"line":250},"14":{"name":"(anonymous_14)","decl":{"start":{"line":254,"column":2},"end":{"line":254,"column":3}},"loc":{"start":{"line":254,"column":25},"end":{"line":256,"column":3}},"line":254},"15":{"name":"(anonymous_15)","decl":{"start":{"line":257,"column":2},"end":{"line":257,"column":3}},"loc":{"start":{"line":257,"column":30},"end":{"line":259,"column":3}},"line":257},"16":{"name":"(anonymous_16)","decl":{"start":{"line":261,"column":2},"end":{"line":261,"column":3}},"loc":{"start":{"line":261,"column":27},"end":{"line":263,"column":3}},"line":261},"17":{"name":"(anonymous_17)","decl":{"start":{"line":264,"column":2},"end":{"line":264,"column":3}},"loc":{"start":{"line":264,"column":32},"end":{"line":266,"column":3}},"line":264},"18":{"name":"(anonymous_18)","decl":{"start":{"line":268,"column":2},"end":{"line":268,"column":3}},"loc":{"start":{"line":268,"column":25},"end":{"line":270,"column":3}},"line":268},"19":{"name":"(anonymous_19)","decl":{"start":{"line":271,"column":2},"end":{"line":271,"column":3}},"loc":{"start":{"line":271,"column":30},"end":{"line":273,"column":3}},"line":271},"20":{"name":"(anonymous_20)","decl":{"start":{"line":275,"column":2},"end":{"line":275,"column":3}},"loc":{"start":{"line":275,"column":18},"end":{"line":277,"column":3}},"line":275},"21":{"name":"(anonymous_21)","decl":{"start":{"line":278,"column":2},"end":{"line":278,"column":3}},"loc":{"start":{"line":278,"column":23},"end":{"line":280,"column":3}},"line":278},"22":{"name":"(anonymous_22)","decl":{"start":{"line":282,"column":2},"end":{"line":282,"column":3}},"loc":{"start":{"line":282,"column":24},"end":{"line":284,"column":3}},"line":282},"23":{"name":"(anonymous_23)","decl":{"start":{"line":285,"column":2},"end":{"line":285,"column":3}},"loc":{"start":{"line":285,"column":29},"end":{"line":287,"column":3}},"line":285},"24":{"name":"(anonymous_24)","decl":{"start":{"line":289,"column":2},"end":{"line":289,"column":3}},"loc":{"start":{"line":289,"column":17},"end":{"line":291,"column":3}},"line":289},"25":{"name":"(anonymous_25)","decl":{"start":{"line":292,"column":2},"end":{"line":292,"column":3}},"loc":{"start":{"line":292,"column":22},"end":{"line":294,"column":3}},"line":292},"26":{"name":"(anonymous_26)","decl":{"start":{"line":296,"column":2},"end":{"line":296,"column":3}},"loc":{"start":{"line":296,"column":18},"end":{"line":298,"column":3}},"line":296},"27":{"name":"(anonymous_27)","decl":{"start":{"line":299,"column":2},"end":{"line":299,"column":3}},"loc":{"start":{"line":299,"column":23},"end":{"line":301,"column":3}},"line":299},"28":{"name":"(anonymous_28)","decl":{"start":{"line":309,"column":2},"end":{"line":309,"column":3}},"loc":{"start":{"line":309,"column":41},"end":{"line":316,"column":3}},"line":309},"29":{"name":"(anonymous_29)","decl":{"start":{"line":320,"column":2},"end":{"line":320,"column":3}},"loc":{"start":{"line":320,"column":63},"end":{"line":448,"column":3}},"line":320}},"branchMap":{"0":{"loc":{"start":{"line":218,"column":4},"end":{"line":220,"column":5}},"type":"if","locations":[{"start":{"line":218,"column":4},"end":{"line":220,"column":5}},{"start":{},"end":{}}],"line":218},"1":{"loc":{"start":{"line":228,"column":4},"end":{"line":230,"column":5}},"type":"if","locations":[{"start":{"line":228,"column":4},"end":{"line":230,"column":5}},{"start":{},"end":{}}],"line":228},"2":{"loc":{"start":{"line":321,"column":4},"end":{"line":323,"column":5}},"type":"if","locations":[{"start":{"line":321,"column":4},"end":{"line":323,"column":5}},{"start":{},"end":{}}],"line":321},"3":{"loc":{"start":{"line":321,"column":8},"end":{"line":321,"column":37}},"type":"binary-expr","locations":[{"start":{"line":321,"column":8},"end":{"line":321,"column":21}},{"start":{"line":321,"column":25},"end":{"line":321,"column":37}}],"line":321},"4":{"loc":{"start":{"line":437,"column":4},"end":{"line":446,"column":5}},"type":"if","locations":[{"start":{"line":437,"column":4},"end":{"line":446,"column":5}},{"start":{},"end":{}}],"line":437},"5":{"loc":{"start":{"line":437,"column":8},"end":{"line":437,"column":42}},"type":"binary-expr","locations":[{"start":{"line":437,"column":8},"end":{"line":437,"column":20}},{"start":{"line":437,"column":24},"end":{"line":437,"column":35}},{"start":{"line":437,"column":39},"end":{"line":437,"column":42}}],"line":437}},"s":{"0":1,"1":1,"2":1,"3":1,"4":1,"5":1,"6":1,"7":1,"8":1,"9":1,"10":1,"11":1,"12":1,"13":1,"14":1,"15":1,"16":1,"17":1,"18":1,"19":1,"20":1,"21":1,"22":0,"23":0,"24":0,"25":0,"26":0,"27":0,"28":0,"29":0,"30":0,"31":0,"32":0,"33":0,"34":0,"35":0,"36":0,"37":0,"38":0,"39":0,"40":0,"41":0,"42":0,"43":0,"44":0,"45":0,"46":0,"47":0,"48":0,"49":0,"50":0,"51":0,"52":0,"53":0,"54":0,"55":0,"56":0,"57":0,"58":0,"59":0,"60":0,"61":0,"62":0,"63":0,"64":0,"65":0,"66":0,"67":0,"68":0,"69":0,"70":0,"71":0,"72":0,"73":0,"74":0,"75":0,"76":0,"77":0,"78":0,"79":0,"80":0,"81":0,"82":0,"83":0,"84":0,"85":0,"86":0,"87":0,"88":0,"89":0,"90":0,"91":0,"92":0,"93":0,"94":0,"95":0,"96":0,"97":0,"98":0,"99":0,"100":0,"101":0},"f":{"0":1,"1":0,"2":0,"3":0,"4":0,"5":0,"6":0,"7":0,"8":0,"9":0,"10":0,"11":0,"12":0,"13":0,"14":0,"15":0,"16":0,"17":0,"18":0,"19":0,"20":0,"21":0,"22":0,"23":0,"24":0,"25":0,"26":0,"27":0,"28":0,"29":0},"b":{"0":[0,0],"1":[0,0],"2":[0,0],"3":[0,0],"4":[0,0],"5":[0,0,0]},"_coverageSchema":"1a1c01bbd47fc00a2c39e90264f33305004495a9","hash":"b722f2df468f07024d4f900abab72517f33a42fe"}
}
