TN:
SF:src/nv3d-node.ts
FN:8,(anonymous_0)
FN:23,(anonymous_1)
FNF:2
FNH:0
FNDA:0,(anonymous_0)
FNDA:0,(anonymous_1)
DA:15,0
DA:16,0
DA:17,0
DA:18,0
DA:19,0
DA:20,0
DA:24,0
LF:7
LH:0
BRF:0
BRH:0
end_of_record
TN:
SF:src/ResourceLoader/nvvoxel-loader.ts
FN:160,(anonymous_0)
FN:194,(anonymous_1)
FN:206,(anonymous_2)
FN:209,(anonymous_3)
FN:213,(anonymous_4)
FN:216,(anonymous_5)
FN:223,(anonymous_6)
FN:226,(anonymous_7)
FN:233,(anonymous_8)
FN:236,(anonymous_9)
FN:240,(anonymous_10)
FN:243,(anonymous_11)
FN:247,(anonymous_12)
FN:250,(anonymous_13)
FN:254,(anonymous_14)
FN:257,(anonymous_15)
FN:261,(anonymous_16)
FN:264,(anonymous_17)
FN:268,(anonymous_18)
FN:271,(anonymous_19)
FN:275,(anonymous_20)
FN:278,(anonymous_21)
FN:282,(anonymous_22)
FN:285,(anonymous_23)
FN:289,(anonymous_24)
FN:292,(anonymous_25)
FN:296,(anonymous_26)
FN:299,(anonymous_27)
FN:309,(anonymous_28)
FN:320,(anonymous_29)
FNF:30
FNH:1
FNDA:1,(anonymous_0)
FNDA:0,(anonymous_1)
FNDA:0,(anonymous_2)
FNDA:0,(anonymous_3)
FNDA:0,(anonymous_4)
FNDA:0,(anonymous_5)
FNDA:0,(anonymous_6)
FNDA:0,(anonymous_7)
FNDA:0,(anonymous_8)
FNDA:0,(anonymous_9)
FNDA:0,(anonymous_10)
FNDA:0,(anonymous_11)
FNDA:0,(anonymous_12)
FNDA:0,(anonymous_13)
FNDA:0,(anonymous_14)
FNDA:0,(anonymous_15)
FNDA:0,(anonymous_16)
FNDA:0,(anonymous_17)
FNDA:0,(anonymous_18)
FNDA:0,(anonymous_19)
FNDA:0,(anonymous_20)
FNDA:0,(anonymous_21)
FNDA:0,(anonymous_22)
FNDA:0,(anonymous_23)
FNDA:0,(anonymous_24)
FNDA:0,(anonymous_25)
FNDA:0,(anonymous_26)
FNDA:0,(anonymous_27)
FNDA:0,(anonymous_28)
FNDA:0,(anonymous_29)
DA:138,1
DA:139,1
DA:140,1
DA:141,1
DA:142,1
DA:143,1
DA:144,1
DA:145,1
DA:146,1
DA:147,1
DA:148,1
DA:149,1
DA:150,1
DA:151,1
DA:152,1
DA:153,1
DA:154,1
DA:155,1
DA:156,1
DA:157,1
DA:158,1
DA:161,1
DA:179,0
DA:180,0
DA:181,0
DA:196,0
DA:199,0
DA:202,0
DA:203,0
DA:207,0
DA:210,0
DA:214,0
DA:217,0
DA:218,0
DA:219,0
DA:224,0
DA:227,0
DA:228,0
DA:229,0
DA:234,0
DA:237,0
DA:241,0
DA:244,0
DA:248,0
DA:251,0
DA:255,0
DA:258,0
DA:262,0
DA:265,0
DA:269,0
DA:272,0
DA:276,0
DA:279,0
DA:283,0
DA:286,0
DA:290,0
DA:293,0
DA:297,0
DA:300,0
DA:310,0
DA:311,0
DA:312,0
DA:313,0
DA:314,0
DA:315,0
DA:321,0
DA:322,0
DA:329,0
DA:330,0
DA:331,0
DA:332,0
DA:333,0
DA:334,0
DA:336,0
DA:337,0
DA:338,0
DA:339,0
DA:340,0
DA:341,0
DA:342,0
DA:343,0
DA:344,0
DA:367,0
DA:368,0
DA:374,0
DA:415,0
DA:421,0
DA:422,0
DA:423,0
DA:425,0
DA:426,0
DA:427,0
DA:428,0
DA:430,0
DA:431,0
DA:433,0
DA:434,0
DA:435,0
DA:437,0
DA:438,0
DA:445,0
DA:447,0
LF:102
LH:22
BRDA:218,0,0,0
BRDA:218,0,1,0
BRDA:228,1,0,0
BRDA:228,1,1,0
BRDA:321,2,0,0
BRDA:321,2,1,0
BRDA:321,3,0,0
BRDA:321,3,1,0
BRDA:437,4,0,0
BRDA:437,4,1,0
BRDA:437,5,0,0
BRDA:437,5,1,0
BRDA:437,5,2,0
BRF:13
BRH:0
end_of_record
